Arguments: 
  C:\Program Files\nodejs\node.exe C:\Users\asare\AppData\Roaming\npm\node_modules\yarn\bin\yarn.js init -y

PATH: 
  C:\Users\asare\bin;C:\Program Files\Git\mingw64\bin;C:\Program Files\Git\usr\local\bin;C:\Program Files\Git\usr\bin;C:\Program Files\Git\usr\bin;C:\Program Files\Git\mingw64\bin;C:\Program Files\Git\usr\bin;C:\Users\asare\bin;C:\Program Files\Common Files\Oracle\Java\javapath;C:\Python310\Scripts;C:\Python310;C:\windows\system32;C:\windows;C:\windows\System32\Wbem;C:\windows\System32\WindowsPowerShell\v1.0;C:\windows\System32\OpenSSH;C:\Program Files (x86)\NVIDIA Corporation\PhysX\Common;C:\Program Files\NVIDIA Corporation\NVIDIA NvDLISR;C:\WINDOWS\system32;C:\WINDOWS;C:\WINDOWS\System32\Wbem;C:\WINDOWS\System32\WindowsPowerShell\v1.0;C:\WINDOWS\System32\OpenSSH;C:\Program Files\Git\cmd;C:\Program Files\Docker\Docker\resources\bin;C:\ProgramData\DockerDesktop\version-bin;C:\ProgramData\chocolatey\bin;C:\Program Files\MongoDB\Server\5.0\bin;C:\Program Files\OpenJDK\openjdk-11.0.15_10\bin;C:\Program Files\nodejs;C:\Program Files\MySQL\MySQL Shell 8.0\bin;C:\Users\asare\AppData\Local\Microsoft\WindowsApps;C:\Users\asare\AppData\Local\Programs\Microsoft VS Code\bin;C:\Users\asare\AppData\Local\Android\Sdk\platform-tools;C:\Users\asare\AppData\Roaming\npm;C:\Program Files (x86)\BrowserStackLocal;C:\Program Files\Git\usr\bin\vendor_perl;C:\Program Files\Git\usr\bin\core_perl

Yarn version: 
  1.22.19

Node version: 
  16.15.1

Platform: 
  win32 x64

Trace: 
  SyntaxError: C:\Users\asare\tutorial projects\yarn_workspaces\package.json: Unexpected token } in JSON at position 70
      at JSON.parse (<anonymous>)
      at C:\Users\asare\AppData\Roaming\npm\node_modules\yarn\lib\cli.js:1629:59
      at Generator.next (<anonymous>)
      at step (C:\Users\asare\AppData\Roaming\npm\node_modules\yarn\lib\cli.js:310:30)
      at C:\Users\asare\AppData\Roaming\npm\node_modules\yarn\lib\cli.js:321:13

npm manifest: 
  No manifest

yarn manifest: 
  No manifest

Lockfile: 
  No lockfile
